2021-09-15 16:39:40,282 INFO    MainThread:6326 [internal.py:wandb_internal():91] W&B internal server running at pid: 6326, started at: 2021-09-15 16:39:40.282841
2021-09-15 16:39:40,285 DEBUG   HandlerThread:6326 [handler.py:handle_request():120] handle_request: check_version
2021-09-15 16:39:40,286 INFO    WriterThread:6326 [datastore.py:open_for_write():77] open: /root/repos/mgattn/lmtool-fwms/wandb/run-20210915_163939-3qxkd5oo/run-3qxkd5oo.wandb
2021-09-15 16:39:40,290 DEBUG   SenderThread:6326 [sender.py:send():160] send: header
2021-09-15 16:39:40,290 DEBUG   SenderThread:6326 [sender.py:send():160] send: request
2021-09-15 16:39:40,290 DEBUG   SenderThread:6326 [sender.py:send_request():169] send_request: check_version
2021-09-15 16:39:40,407 DEBUG   SenderThread:6326 [sender.py:send():160] send: run
2021-09-15 16:39:40,611 INFO    SenderThread:6326 [sender.py:_start_run_threads():654] run started: 3qxkd5oo with start time 1631723979
2021-09-15 16:39:40,612 DEBUG   SenderThread:6326 [sender.py:send():160] send: summary
2021-09-15 16:39:40,612 INFO    SenderThread:6326 [sender.py:_save_file():781] saving file wandb-summary.json with policy end
2021-09-15 16:39:40,615 DEBUG   HandlerThread:6326 [handler.py:handle_request():120] handle_request: run_start
2021-09-15 16:39:42,156 DEBUG   HandlerThread:6326 [meta.py:__init__():39] meta init
2021-09-15 16:39:42,156 DEBUG   HandlerThread:6326 [meta.py:__init__():53] meta init done
2021-09-15 16:39:42,156 DEBUG   HandlerThread:6326 [meta.py:probe():210] probe
2021-09-15 16:39:42,163 DEBUG   HandlerThread:6326 [meta.py:_setup_git():200] setup git
2021-09-15 16:39:42,197 DEBUG   HandlerThread:6326 [meta.py:_setup_git():207] setup git done
2021-09-15 16:39:42,198 DEBUG   HandlerThread:6326 [meta.py:_save_pip():57] save pip
2021-09-15 16:39:42,199 DEBUG   HandlerThread:6326 [meta.py:_save_pip():71] save pip done
2021-09-15 16:39:42,199 DEBUG   HandlerThread:6326 [meta.py:_save_conda():78] save conda
2021-09-15 16:39:43,011 DEBUG   HandlerThread:6326 [meta.py:_save_conda():86] save conda done
2021-09-15 16:39:43,012 DEBUG   HandlerThread:6326 [meta.py:probe():252] probe done
2021-09-15 16:39:43,017 DEBUG   SenderThread:6326 [sender.py:send():160] send: files
2021-09-15 16:39:43,018 INFO    SenderThread:6326 [sender.py:_save_file():781] saving file wandb-metadata.json with policy now
2021-09-15 16:39:43,031 DEBUG   HandlerThread:6326 [handler.py:handle_request():120] handle_request: status
2021-09-15 16:39:43,031 DEBUG   SenderThread:6326 [sender.py:send():160] send: request
2021-09-15 16:39:43,031 DEBUG   SenderThread:6326 [sender.py:send_request():169] send_request: status
2021-09-15 16:39:43,178 DEBUG   SenderThread:6326 [sender.py:send():160] send: run
2021-09-15 16:39:43,395 INFO    SenderThread:6326 [sender.py:send_run():555] updated run: 3qxkd5oo
2021-09-15 16:39:43,398 DEBUG   SenderThread:6326 [sender.py:send():160] send: config
2021-09-15 16:39:43,577 DEBUG   SenderThread:6326 [sender.py:send():160] send: config
2021-09-15 16:39:43,749 DEBUG   SenderThread:6326 [sender.py:send():160] send: config
2021-09-15 16:39:43,902 DEBUG   SenderThread:6326 [sender.py:send():160] send: config
2021-09-15 16:39:44,061 DEBUG   SenderThread:6326 [sender.py:send():160] send: config
2021-09-15 16:39:44,212 DEBUG   SenderThread:6326 [sender.py:send():160] send: config
2021-09-15 16:39:44,384 DEBUG   SenderThread:6326 [sender.py:send():160] send: config
2021-09-15 16:39:44,553 DEBUG   SenderThread:6326 [sender.py:send():160] send: config
2021-09-15 16:39:44,739 DEBUG   SenderThread:6326 [sender.py:send():160] send: config
2021-09-15 16:39:44,916 DEBUG   SenderThread:6326 [sender.py:send():160] send: config
2021-09-15 16:39:45,088 DEBUG   SenderThread:6326 [sender.py:send():160] send: config
2021-09-15 16:39:45,273 DEBUG   SenderThread:6326 [sender.py:send():160] send: config
2021-09-15 16:39:45,444 DEBUG   SenderThread:6326 [sender.py:send():160] send: config
2021-09-15 16:39:45,614 DEBUG   SenderThread:6326 [sender.py:send():160] send: config
2021-09-15 16:39:45,800 DEBUG   SenderThread:6326 [sender.py:send():160] send: config
2021-09-15 16:39:45,970 DEBUG   SenderThread:6326 [sender.py:send():160] send: config
2021-09-15 16:39:46,139 DEBUG   SenderThread:6326 [sender.py:send():160] send: config
2021-09-15 16:39:46,314 DEBUG   SenderThread:6326 [sender.py:send():160] send: config
2021-09-15 16:39:46,487 DEBUG   SenderThread:6326 [sender.py:send():160] send: config
2021-09-15 16:39:46,658 DEBUG   SenderThread:6326 [sender.py:send():160] send: config
2021-09-15 16:39:46,835 DEBUG   SenderThread:6326 [sender.py:send():160] send: config
2021-09-15 16:39:47,012 DEBUG   SenderThread:6326 [sender.py:send():160] send: config
2021-09-15 16:39:47,186 DEBUG   SenderThread:6326 [sender.py:send():160] send: config
2021-09-15 16:39:47,357 DEBUG   SenderThread:6326 [sender.py:send():160] send: config
2021-09-15 16:39:47,542 DEBUG   SenderThread:6326 [sender.py:send():160] send: config
2021-09-15 16:39:47,709 DEBUG   SenderThread:6326 [sender.py:send():160] send: config
2021-09-15 16:39:47,885 DEBUG   SenderThread:6326 [sender.py:send():160] send: config
2021-09-15 16:39:48,072 DEBUG   SenderThread:6326 [sender.py:send():160] send: config
2021-09-15 16:39:48,244 DEBUG   SenderThread:6326 [sender.py:send():160] send: config
2021-09-15 16:39:48,500 DEBUG   SenderThread:6326 [sender.py:send():160] send: config
2021-09-15 16:39:48,676 DEBUG   SenderThread:6326 [sender.py:send():160] send: config
2021-09-15 16:39:48,857 DEBUG   SenderThread:6326 [sender.py:send():160] send: config
2021-09-15 16:39:49,177 DEBUG   SenderThread:6326 [sender.py:send():160] send: config
2021-09-15 16:39:49,528 DEBUG   SenderThread:6326 [sender.py:send():160] send: config
2021-09-15 16:39:49,700 DEBUG   SenderThread:6326 [sender.py:send():160] send: config
2021-09-15 16:39:49,878 DEBUG   SenderThread:6326 [sender.py:send():160] send: config
2021-09-15 16:39:50,064 DEBUG   SenderThread:6326 [sender.py:send():160] send: config
2021-09-15 16:39:50,246 DEBUG   SenderThread:6326 [sender.py:send():160] send: config
2021-09-15 16:39:50,424 DEBUG   SenderThread:6326 [sender.py:send():160] send: config
2021-09-15 16:39:50,597 DEBUG   SenderThread:6326 [sender.py:send():160] send: config
2021-09-15 16:39:50,780 DEBUG   SenderThread:6326 [sender.py:send():160] send: config
2021-09-15 16:39:50,961 DEBUG   SenderThread:6326 [sender.py:send():160] send: config
2021-09-15 16:39:51,138 DEBUG   SenderThread:6326 [sender.py:send():160] send: config
2021-09-15 16:39:51,321 DEBUG   SenderThread:6326 [sender.py:send():160] send: config
2021-09-15 16:39:51,502 DEBUG   SenderThread:6326 [sender.py:send():160] send: config
2021-09-15 16:39:51,683 DEBUG   SenderThread:6326 [sender.py:send():160] send: config
2021-09-15 16:39:51,860 DEBUG   SenderThread:6326 [sender.py:send():160] send: config
2021-09-15 16:39:52,044 DEBUG   SenderThread:6326 [sender.py:send():160] send: config
2021-09-15 16:39:52,242 DEBUG   SenderThread:6326 [sender.py:send():160] send: config
2021-09-15 16:39:52,433 DEBUG   SenderThread:6326 [sender.py:send():160] send: config
2021-09-15 16:39:52,609 DEBUG   SenderThread:6326 [sender.py:send():160] send: config
2021-09-15 16:39:52,800 DEBUG   SenderThread:6326 [sender.py:send():160] send: config
2021-09-15 16:39:52,994 DEBUG   SenderThread:6326 [sender.py:send():160] send: config
2021-09-15 16:39:53,183 DEBUG   SenderThread:6326 [sender.py:send():160] send: config
2021-09-15 16:39:53,373 DEBUG   SenderThread:6326 [sender.py:send():160] send: config
2021-09-15 16:39:53,565 DEBUG   SenderThread:6326 [sender.py:send():160] send: config
2021-09-15 16:39:53,760 DEBUG   SenderThread:6326 [sender.py:send():160] send: config
2021-09-15 16:39:54,056 DEBUG   SenderThread:6326 [sender.py:send():160] send: config
2021-09-15 16:39:54,228 DEBUG   SenderThread:6326 [sender.py:send():160] send: config
2021-09-15 16:39:54,410 DEBUG   SenderThread:6326 [sender.py:send():160] send: config
2021-09-15 16:39:54,594 DEBUG   SenderThread:6326 [sender.py:send():160] send: config
2021-09-15 16:39:54,782 DEBUG   SenderThread:6326 [sender.py:send():160] send: config
2021-09-15 16:39:55,029 DEBUG   SenderThread:6326 [sender.py:send():160] send: config
2021-09-15 16:39:55,254 DEBUG   SenderThread:6326 [sender.py:send():160] send: config
2021-09-15 16:39:55,442 DEBUG   SenderThread:6326 [sender.py:send():160] send: config
2021-09-15 16:39:58,600 DEBUG   HandlerThread:6326 [handler.py:handle_request():120] handle_request: status
2021-09-15 16:39:58,601 DEBUG   SenderThread:6326 [sender.py:send():160] send: request
2021-09-15 16:39:58,601 DEBUG   SenderThread:6326 [sender.py:send_request():169] send_request: status
2021-09-15 16:40:11,278 DEBUG   SenderThread:6326 [sender.py:send():160] send: stats
2021-09-15 16:40:13,751 DEBUG   HandlerThread:6326 [handler.py:handle_request():120] handle_request: status
2021-09-15 16:40:13,752 DEBUG   SenderThread:6326 [sender.py:send():160] send: request
2021-09-15 16:40:13,752 DEBUG   SenderThread:6326 [sender.py:send_request():169] send_request: status
2021-09-15 16:40:28,901 DEBUG   HandlerThread:6326 [handler.py:handle_request():120] handle_request: status
2021-09-15 16:40:28,901 DEBUG   SenderThread:6326 [sender.py:send():160] send: request
2021-09-15 16:40:28,902 DEBUG   SenderThread:6326 [sender.py:send_request():169] send_request: status
2021-09-15 16:40:42,058 DEBUG   SenderThread:6326 [sender.py:send():160] send: stats
2021-09-15 16:40:44,051 DEBUG   HandlerThread:6326 [handler.py:handle_request():120] handle_request: status
2021-09-15 16:40:44,052 DEBUG   SenderThread:6326 [sender.py:send():160] send: request
2021-09-15 16:40:44,052 DEBUG   SenderThread:6326 [sender.py:send_request():169] send_request: status
2021-09-15 16:40:59,200 DEBUG   HandlerThread:6326 [handler.py:handle_request():120] handle_request: status
2021-09-15 16:40:59,200 DEBUG   SenderThread:6326 [sender.py:send():160] send: request
2021-09-15 16:40:59,200 DEBUG   SenderThread:6326 [sender.py:send_request():169] send_request: status
2021-09-15 16:41:12,826 DEBUG   SenderThread:6326 [sender.py:send():160] send: stats
2021-09-15 16:41:14,350 DEBUG   HandlerThread:6326 [handler.py:handle_request():120] handle_request: status
2021-09-15 16:41:14,351 DEBUG   SenderThread:6326 [sender.py:send():160] send: request
2021-09-15 16:41:14,351 DEBUG   SenderThread:6326 [sender.py:send_request():169] send_request: status
2021-09-15 16:41:29,494 DEBUG   HandlerThread:6326 [handler.py:handle_request():120] handle_request: status
2021-09-15 16:41:29,494 DEBUG   SenderThread:6326 [sender.py:send():160] send: request
2021-09-15 16:41:29,494 DEBUG   SenderThread:6326 [sender.py:send_request():169] send_request: status
2021-09-15 16:41:43,607 DEBUG   SenderThread:6326 [sender.py:send():160] send: stats
2021-09-15 16:41:44,639 DEBUG   HandlerThread:6326 [handler.py:handle_request():120] handle_request: status
2021-09-15 16:41:44,640 DEBUG   SenderThread:6326 [sender.py:send():160] send: request
2021-09-15 16:41:44,640 DEBUG   SenderThread:6326 [sender.py:send_request():169] send_request: status
2021-09-15 16:41:59,786 DEBUG   HandlerThread:6326 [handler.py:handle_request():120] handle_request: status
2021-09-15 16:41:59,787 DEBUG   SenderThread:6326 [sender.py:send():160] send: request
2021-09-15 16:41:59,787 DEBUG   SenderThread:6326 [sender.py:send_request():169] send_request: status
2021-09-15 16:42:14,331 DEBUG   SenderThread:6326 [sender.py:send():160] send: stats
2021-09-15 16:42:14,932 DEBUG   HandlerThread:6326 [handler.py:handle_request():120] handle_request: status
2021-09-15 16:42:14,933 DEBUG   SenderThread:6326 [sender.py:send():160] send: request
2021-09-15 16:42:14,933 DEBUG   SenderThread:6326 [sender.py:send_request():169] send_request: status
2021-09-15 16:42:30,082 DEBUG   HandlerThread:6326 [handler.py:handle_request():120] handle_request: status
2021-09-15 16:42:30,083 DEBUG   SenderThread:6326 [sender.py:send():160] send: request
2021-09-15 16:42:30,083 DEBUG   SenderThread:6326 [sender.py:send_request():169] send_request: status
2021-09-15 16:42:45,097 DEBUG   SenderThread:6326 [sender.py:send():160] send: stats
2021-09-15 16:42:45,225 DEBUG   HandlerThread:6326 [handler.py:handle_request():120] handle_request: status
2021-09-15 16:42:45,226 DEBUG   SenderThread:6326 [sender.py:send():160] send: request
2021-09-15 16:42:45,226 DEBUG   SenderThread:6326 [sender.py:send_request():169] send_request: status
2021-09-15 16:43:00,376 DEBUG   HandlerThread:6326 [handler.py:handle_request():120] handle_request: status
2021-09-15 16:43:00,376 DEBUG   SenderThread:6326 [sender.py:send():160] send: request
2021-09-15 16:43:00,376 DEBUG   SenderThread:6326 [sender.py:send_request():169] send_request: status
2021-09-15 16:43:15,518 DEBUG   HandlerThread:6326 [handler.py:handle_request():120] handle_request: status
2021-09-15 16:43:15,519 DEBUG   SenderThread:6326 [sender.py:send():160] send: request
2021-09-15 16:43:15,519 DEBUG   SenderThread:6326 [sender.py:send_request():169] send_request: status
2021-09-15 16:43:15,899 DEBUG   SenderThread:6326 [sender.py:send():160] send: stats
2021-09-15 16:43:30,670 DEBUG   HandlerThread:6326 [handler.py:handle_request():120] handle_request: status
2021-09-15 16:43:30,671 DEBUG   SenderThread:6326 [sender.py:send():160] send: request
2021-09-15 16:43:30,671 DEBUG   SenderThread:6326 [sender.py:send_request():169] send_request: status
2021-09-15 16:43:45,823 DEBUG   HandlerThread:6326 [handler.py:handle_request():120] handle_request: status
2021-09-15 16:43:45,824 DEBUG   SenderThread:6326 [sender.py:send():160] send: request
2021-09-15 16:43:45,824 DEBUG   SenderThread:6326 [sender.py:send_request():169] send_request: status
2021-09-15 16:43:47,057 DEBUG   SenderThread:6326 [sender.py:send():160] send: stats
2021-09-15 16:44:00,960 DEBUG   HandlerThread:6326 [handler.py:handle_request():120] handle_request: status
2021-09-15 16:44:00,960 DEBUG   SenderThread:6326 [sender.py:send():160] send: request
2021-09-15 16:44:00,961 DEBUG   SenderThread:6326 [sender.py:send_request():169] send_request: status
2021-09-15 16:44:16,110 DEBUG   HandlerThread:6326 [handler.py:handle_request():120] handle_request: status
2021-09-15 16:44:16,110 DEBUG   SenderThread:6326 [sender.py:send():160] send: request
2021-09-15 16:44:16,110 DEBUG   SenderThread:6326 [sender.py:send_request():169] send_request: status
2021-09-15 16:44:18,280 DEBUG   SenderThread:6326 [sender.py:send():160] send: stats
2021-09-15 16:44:31,262 DEBUG   HandlerThread:6326 [handler.py:handle_request():120] handle_request: status
2021-09-15 16:44:31,262 DEBUG   SenderThread:6326 [sender.py:send():160] send: request
2021-09-15 16:44:31,263 DEBUG   SenderThread:6326 [sender.py:send_request():169] send_request: status
2021-09-15 16:44:46,412 DEBUG   HandlerThread:6326 [handler.py:handle_request():120] handle_request: status
2021-09-15 16:44:46,413 DEBUG   SenderThread:6326 [sender.py:send():160] send: request
2021-09-15 16:44:46,413 DEBUG   SenderThread:6326 [sender.py:send_request():169] send_request: status
2021-09-15 16:44:49,331 DEBUG   SenderThread:6326 [sender.py:send():160] send: stats
2021-09-15 16:45:01,571 DEBUG   HandlerThread:6326 [handler.py:handle_request():120] handle_request: status
2021-09-15 16:45:01,571 DEBUG   SenderThread:6326 [sender.py:send():160] send: request
2021-09-15 16:45:01,572 DEBUG   SenderThread:6326 [sender.py:send_request():169] send_request: status
2021-09-15 16:45:16,721 DEBUG   HandlerThread:6326 [handler.py:handle_request():120] handle_request: status
2021-09-15 16:45:16,721 DEBUG   SenderThread:6326 [sender.py:send():160] send: request
2021-09-15 16:45:16,721 DEBUG   SenderThread:6326 [sender.py:send_request():169] send_request: status
2021-09-15 16:45:20,520 DEBUG   SenderThread:6326 [sender.py:send():160] send: stats
2021-09-15 16:45:31,923 DEBUG   HandlerThread:6326 [handler.py:handle_request():120] handle_request: status
2021-09-15 16:45:31,924 DEBUG   SenderThread:6326 [sender.py:send():160] send: request
2021-09-15 16:45:31,924 DEBUG   SenderThread:6326 [sender.py:send_request():169] send_request: status
2021-09-15 16:45:47,077 DEBUG   HandlerThread:6326 [handler.py:handle_request():120] handle_request: status
2021-09-15 16:45:47,077 DEBUG   SenderThread:6326 [sender.py:send():160] send: request
2021-09-15 16:45:47,078 DEBUG   SenderThread:6326 [sender.py:send_request():169] send_request: status
2021-09-15 16:45:51,424 DEBUG   SenderThread:6326 [sender.py:send():160] send: stats
2021-09-15 16:46:02,230 DEBUG   HandlerThread:6326 [handler.py:handle_request():120] handle_request: status
2021-09-15 16:46:02,231 DEBUG   SenderThread:6326 [sender.py:send():160] send: request
2021-09-15 16:46:02,231 DEBUG   SenderThread:6326 [sender.py:send_request():169] send_request: status
2021-09-15 16:46:17,380 DEBUG   HandlerThread:6326 [handler.py:handle_request():120] handle_request: status
2021-09-15 16:46:17,380 DEBUG   SenderThread:6326 [sender.py:send():160] send: request
2021-09-15 16:46:17,381 DEBUG   SenderThread:6326 [sender.py:send_request():169] send_request: status
2021-09-15 16:46:22,234 DEBUG   SenderThread:6326 [sender.py:send():160] send: stats
2021-09-15 16:46:32,532 DEBUG   HandlerThread:6326 [handler.py:handle_request():120] handle_request: status
2021-09-15 16:46:32,532 DEBUG   SenderThread:6326 [sender.py:send():160] send: request
2021-09-15 16:46:32,532 DEBUG   SenderThread:6326 [sender.py:send_request():169] send_request: status
2021-09-15 16:46:47,679 DEBUG   HandlerThread:6326 [handler.py:handle_request():120] handle_request: status
2021-09-15 16:46:47,680 DEBUG   SenderThread:6326 [sender.py:send():160] send: request
2021-09-15 16:46:47,680 DEBUG   SenderThread:6326 [sender.py:send_request():169] send_request: status
2021-09-15 16:46:52,992 DEBUG   SenderThread:6326 [sender.py:send():160] send: stats
2021-09-15 16:47:02,834 DEBUG   HandlerThread:6326 [handler.py:handle_request():120] handle_request: status
2021-09-15 16:47:02,835 DEBUG   SenderThread:6326 [sender.py:send():160] send: request
2021-09-15 16:47:02,835 DEBUG   SenderThread:6326 [sender.py:send_request():169] send_request: status
2021-09-15 16:47:17,987 DEBUG   HandlerThread:6326 [handler.py:handle_request():120] handle_request: status
2021-09-15 16:47:17,988 DEBUG   SenderThread:6326 [sender.py:send():160] send: request
2021-09-15 16:47:17,988 DEBUG   SenderThread:6326 [sender.py:send_request():169] send_request: status
2021-09-15 16:47:23,802 DEBUG   SenderThread:6326 [sender.py:send():160] send: stats
2021-09-15 16:47:33,142 DEBUG   HandlerThread:6326 [handler.py:handle_request():120] handle_request: status
2021-09-15 16:47:33,143 DEBUG   SenderThread:6326 [sender.py:send():160] send: request
2021-09-15 16:47:33,143 DEBUG   SenderThread:6326 [sender.py:send_request():169] send_request: status
2021-09-15 16:47:48,296 DEBUG   HandlerThread:6326 [handler.py:handle_request():120] handle_request: status
2021-09-15 16:47:48,296 DEBUG   SenderThread:6326 [sender.py:send():160] send: request
2021-09-15 16:47:48,296 DEBUG   SenderThread:6326 [sender.py:send_request():169] send_request: status
2021-09-15 16:47:54,799 DEBUG   SenderThread:6326 [sender.py:send():160] send: stats
2021-09-15 16:48:03,445 DEBUG   HandlerThread:6326 [handler.py:handle_request():120] handle_request: status
2021-09-15 16:48:03,445 DEBUG   SenderThread:6326 [sender.py:send():160] send: request
2021-09-15 16:48:03,446 DEBUG   SenderThread:6326 [sender.py:send_request():169] send_request: status
2021-09-15 16:48:18,698 DEBUG   HandlerThread:6326 [handler.py:handle_request():120] handle_request: status
2021-09-15 16:48:18,699 DEBUG   SenderThread:6326 [sender.py:send():160] send: request
2021-09-15 16:48:18,699 DEBUG   SenderThread:6326 [sender.py:send_request():169] send_request: status
2021-09-15 16:48:25,784 DEBUG   SenderThread:6326 [sender.py:send():160] send: stats
2021-09-15 16:48:33,851 DEBUG   HandlerThread:6326 [handler.py:handle_request():120] handle_request: status
2021-09-15 16:48:33,852 DEBUG   SenderThread:6326 [sender.py:send():160] send: request
2021-09-15 16:48:33,852 DEBUG   SenderThread:6326 [sender.py:send_request():169] send_request: status
2021-09-15 16:48:49,082 DEBUG   HandlerThread:6326 [handler.py:handle_request():120] handle_request: status
2021-09-15 16:48:49,082 DEBUG   SenderThread:6326 [sender.py:send():160] send: request
2021-09-15 16:48:49,082 DEBUG   SenderThread:6326 [sender.py:send_request():169] send_request: status
2021-09-15 16:48:56,757 DEBUG   SenderThread:6326 [sender.py:send():160] send: stats
2021-09-15 16:49:04,234 DEBUG   HandlerThread:6326 [handler.py:handle_request():120] handle_request: status
2021-09-15 16:49:04,235 DEBUG   SenderThread:6326 [sender.py:send():160] send: request
2021-09-15 16:49:04,235 DEBUG   SenderThread:6326 [sender.py:send_request():169] send_request: status
2021-09-15 16:49:19,386 DEBUG   HandlerThread:6326 [handler.py:handle_request():120] handle_request: status
2021-09-15 16:49:19,386 DEBUG   SenderThread:6326 [sender.py:send():160] send: request
2021-09-15 16:49:19,386 DEBUG   SenderThread:6326 [sender.py:send_request():169] send_request: status
2021-09-15 16:49:27,694 DEBUG   SenderThread:6326 [sender.py:send():160] send: stats
2021-09-15 16:49:34,535 DEBUG   HandlerThread:6326 [handler.py:handle_request():120] handle_request: status
2021-09-15 16:49:34,535 DEBUG   SenderThread:6326 [sender.py:send():160] send: request
2021-09-15 16:49:34,535 DEBUG   SenderThread:6326 [sender.py:send_request():169] send_request: status
2021-09-15 16:49:49,675 DEBUG   HandlerThread:6326 [handler.py:handle_request():120] handle_request: status
2021-09-15 16:49:49,675 DEBUG   SenderThread:6326 [sender.py:send():160] send: request
2021-09-15 16:49:49,675 DEBUG   SenderThread:6326 [sender.py:send_request():169] send_request: status
2021-09-15 16:49:58,563 DEBUG   SenderThread:6326 [sender.py:send():160] send: stats
2021-09-15 16:50:04,825 DEBUG   HandlerThread:6326 [handler.py:handle_request():120] handle_request: status
2021-09-15 16:50:04,826 DEBUG   SenderThread:6326 [sender.py:send():160] send: request
2021-09-15 16:50:04,826 DEBUG   SenderThread:6326 [sender.py:send_request():169] send_request: status
2021-09-15 16:50:20,108 DEBUG   HandlerThread:6326 [handler.py:handle_request():120] handle_request: status
2021-09-15 16:50:20,109 DEBUG   SenderThread:6326 [sender.py:send():160] send: request
2021-09-15 16:50:20,109 DEBUG   SenderThread:6326 [sender.py:send_request():169] send_request: status
2021-09-15 16:50:29,282 DEBUG   SenderThread:6326 [sender.py:send():160] send: stats
2021-09-15 16:50:35,258 DEBUG   HandlerThread:6326 [handler.py:handle_request():120] handle_request: status
2021-09-15 16:50:35,259 DEBUG   SenderThread:6326 [sender.py:send():160] send: request
2021-09-15 16:50:35,259 DEBUG   SenderThread:6326 [sender.py:send_request():169] send_request: status
2021-09-15 16:50:50,416 DEBUG   HandlerThread:6326 [handler.py:handle_request():120] handle_request: status
2021-09-15 16:50:50,417 DEBUG   SenderThread:6326 [sender.py:send():160] send: request
2021-09-15 16:50:50,417 DEBUG   SenderThread:6326 [sender.py:send_request():169] send_request: status
2021-09-15 16:51:00,001 DEBUG   SenderThread:6326 [sender.py:send():160] send: stats
2021-09-15 16:51:05,561 DEBUG   HandlerThread:6326 [handler.py:handle_request():120] handle_request: status
2021-09-15 16:51:05,562 DEBUG   SenderThread:6326 [sender.py:send():160] send: request
2021-09-15 16:51:05,562 DEBUG   SenderThread:6326 [sender.py:send_request():169] send_request: status
2021-09-15 16:51:20,716 DEBUG   HandlerThread:6326 [handler.py:handle_request():120] handle_request: status
2021-09-15 16:51:20,717 DEBUG   SenderThread:6326 [sender.py:send():160] send: request
2021-09-15 16:51:20,717 DEBUG   SenderThread:6326 [sender.py:send_request():169] send_request: status
2021-09-15 16:51:30,720 DEBUG   SenderThread:6326 [sender.py:send():160] send: stats
2021-09-15 16:51:35,869 DEBUG   HandlerThread:6326 [handler.py:handle_request():120] handle_request: status
2021-09-15 16:51:35,870 DEBUG   SenderThread:6326 [sender.py:send():160] send: request
2021-09-15 16:51:35,870 DEBUG   SenderThread:6326 [sender.py:send_request():169] send_request: status
2021-09-15 16:51:51,029 DEBUG   HandlerThread:6326 [handler.py:handle_request():120] handle_request: status
2021-09-15 16:51:51,029 DEBUG   SenderThread:6326 [sender.py:send():160] send: request
2021-09-15 16:51:51,030 DEBUG   SenderThread:6326 [sender.py:send_request():169] send_request: status
2021-09-15 16:52:01,471 DEBUG   SenderThread:6326 [sender.py:send():160] send: stats
2021-09-15 16:52:06,182 DEBUG   HandlerThread:6326 [handler.py:handle_request():120] handle_request: status
2021-09-15 16:52:06,182 DEBUG   SenderThread:6326 [sender.py:send():160] send: request
2021-09-15 16:52:06,183 DEBUG   SenderThread:6326 [sender.py:send_request():169] send_request: status
2021-09-15 16:52:21,337 DEBUG   HandlerThread:6326 [handler.py:handle_request():120] handle_request: status
2021-09-15 16:52:21,338 DEBUG   SenderThread:6326 [sender.py:send():160] send: request
2021-09-15 16:52:21,338 DEBUG   SenderThread:6326 [sender.py:send_request():169] send_request: status
2021-09-15 16:52:32,219 DEBUG   SenderThread:6326 [sender.py:send():160] send: stats
2021-09-15 16:52:36,497 DEBUG   HandlerThread:6326 [handler.py:handle_request():120] handle_request: status
2021-09-15 16:52:36,497 DEBUG   SenderThread:6326 [sender.py:send():160] send: request
2021-09-15 16:52:36,498 DEBUG   SenderThread:6326 [sender.py:send_request():169] send_request: status
2021-09-15 16:52:51,651 DEBUG   HandlerThread:6326 [handler.py:handle_request():120] handle_request: status
2021-09-15 16:52:51,651 DEBUG   SenderThread:6326 [sender.py:send():160] send: request
2021-09-15 16:52:51,652 DEBUG   SenderThread:6326 [sender.py:send_request():169] send_request: status
2021-09-15 16:53:02,908 DEBUG   SenderThread:6326 [sender.py:send():160] send: stats
2021-09-15 16:53:06,810 DEBUG   HandlerThread:6326 [handler.py:handle_request():120] handle_request: status
2021-09-15 16:53:06,811 DEBUG   SenderThread:6326 [sender.py:send():160] send: request
2021-09-15 16:53:06,811 DEBUG   SenderThread:6326 [sender.py:send_request():169] send_request: status
2021-09-15 16:53:40,479 ERROR   SenderThread:6326 [retry.py:__call__():111] Retry attempt failed:
Traceback (most recent call last):
  File "/opt/conda/lib/python3.6/site-packages/urllib3/connectionpool.py", line 426, in _make_request
    six.raise_from(e, None)
  File "<string>", line 3, in raise_from
  File "/opt/conda/lib/python3.6/site-packages/urllib3/connectionpool.py", line 421, in _make_request
    httplib_response = conn.getresponse()
  File "/opt/conda/lib/python3.6/http/client.py", line 1354, in getresponse
    response.begin()
  File "/opt/conda/lib/python3.6/http/client.py", line 307, in begin
    version, status, reason = self._read_status()
  File "/opt/conda/lib/python3.6/http/client.py", line 268, in _read_status
    line = str(self.fp.readline(_MAXLINE + 1), "iso-8859-1")
  File "/opt/conda/lib/python3.6/socket.py", line 586, in readinto
    return self._sock.recv_into(b)
  File "/opt/conda/lib/python3.6/ssl.py", line 1012, in recv_into
    return self.read(nbytes, buffer)
  File "/opt/conda/lib/python3.6/ssl.py", line 874, in read
    return self._sslobj.read(len, buffer)
  File "/opt/conda/lib/python3.6/ssl.py", line 631, in read
    v = self._sslobj.read(len, buffer)
socket.timeout: The read operation timed out

During handling of the above exception, another exception occurred:

Traceback (most recent call last):
  File "/opt/conda/lib/python3.6/site-packages/requests/adapters.py", line 449, in send
    timeout=timeout
  File "/opt/conda/lib/python3.6/site-packages/urllib3/connectionpool.py", line 727, in urlopen
    method, url, error=e, _pool=self, _stacktrace=sys.exc_info()[2]
  File "/opt/conda/lib/python3.6/site-packages/urllib3/util/retry.py", line 410, in increment
    raise six.reraise(type(error), error, _stacktrace)
  File "/opt/conda/lib/python3.6/site-packages/urllib3/packages/six.py", line 735, in reraise
    raise value
  File "/opt/conda/lib/python3.6/site-packages/urllib3/connectionpool.py", line 677, in urlopen
    chunked=chunked,
  File "/opt/conda/lib/python3.6/site-packages/urllib3/connectionpool.py", line 428, in _make_request
    self._raise_timeout(err=e, url=url, timeout_value=read_timeout)
  File "/opt/conda/lib/python3.6/site-packages/urllib3/connectionpool.py", line 336, in _raise_timeout
    self, url, "Read timed out. (read timeout=%s)" % timeout_value
urllib3.exceptions.ReadTimeoutError: HTTPSConnectionPool(host='api.wandb.ai', port=443): Read timed out. (read timeout=10)

During handling of the above exception, another exception occurred:

Traceback (most recent call last):
  File "/opt/conda/lib/python3.6/site-packages/wandb/old/retry.py", line 96, in __call__
    result = self._call_fn(*args, **kwargs)
  File "/opt/conda/lib/python3.6/site-packages/wandb/sdk/internal/internal_api.py", line 124, in execute
    return self.client.execute(*args, **kwargs)
  File "/opt/conda/lib/python3.6/site-packages/wandb/vendor/gql-0.2.0/gql/client.py", line 52, in execute
    result = self._get_result(document, *args, **kwargs)
  File "/opt/conda/lib/python3.6/site-packages/wandb/vendor/gql-0.2.0/gql/client.py", line 60, in _get_result
    return self.transport.execute(document, *args, **kwargs)
  File "/opt/conda/lib/python3.6/site-packages/wandb/vendor/gql-0.2.0/gql/transport/requests.py", line 38, in execute
    request = requests.post(self.url, **post_args)
  File "/opt/conda/lib/python3.6/site-packages/requests/api.py", line 119, in post
    return request('post', url, data=data, json=json, **kwargs)
  File "/opt/conda/lib/python3.6/site-packages/requests/api.py", line 61, in request
    return session.request(method=method, url=url, **kwargs)
  File "/opt/conda/lib/python3.6/site-packages/requests/sessions.py", line 530, in request
    resp = self.send(prep, **send_kwargs)
  File "/opt/conda/lib/python3.6/site-packages/requests/sessions.py", line 643, in send
    r = adapter.send(request, **kwargs)
  File "/opt/conda/lib/python3.6/site-packages/requests/adapters.py", line 529, in send
    raise ReadTimeout(e, request=request)
requests.exceptions.ReadTimeout: HTTPSConnectionPool(host='api.wandb.ai', port=443): Read timed out. (read timeout=10)
2021-09-15 16:54:34,733 DEBUG   SenderThread:6326 [sender.py:send():160] send: stats
2021-09-15 16:54:34,734 DEBUG   SenderThread:6326 [sender.py:send():160] send: stats
2021-09-15 16:54:35,081 DEBUG   SenderThread:6326 [sender.py:send():160] send: stats
2021-09-15 16:54:49,735 DEBUG   HandlerThread:6326 [handler.py:handle_request():120] handle_request: status
2021-09-15 16:54:49,735 DEBUG   SenderThread:6326 [sender.py:send():160] send: request
2021-09-15 16:54:49,735 DEBUG   SenderThread:6326 [sender.py:send_request():169] send_request: status
2021-09-15 16:55:04,949 DEBUG   HandlerThread:6326 [handler.py:handle_request():120] handle_request: status
2021-09-15 16:55:04,950 DEBUG   SenderThread:6326 [sender.py:send():160] send: request
2021-09-15 16:55:04,950 DEBUG   SenderThread:6326 [sender.py:send_request():169] send_request: status
2021-09-15 16:55:05,834 DEBUG   SenderThread:6326 [sender.py:send():160] send: stats
2021-09-15 16:55:20,104 DEBUG   HandlerThread:6326 [handler.py:handle_request():120] handle_request: status
2021-09-15 16:55:20,104 DEBUG   SenderThread:6326 [sender.py:send():160] send: request
2021-09-15 16:55:20,104 DEBUG   SenderThread:6326 [sender.py:send_request():169] send_request: status
2021-09-15 16:55:35,262 DEBUG   HandlerThread:6326 [handler.py:handle_request():120] handle_request: status
2021-09-15 16:55:35,262 DEBUG   SenderThread:6326 [sender.py:send():160] send: request
2021-09-15 16:55:35,262 DEBUG   SenderThread:6326 [sender.py:send_request():169] send_request: status
2021-09-15 16:55:36,562 DEBUG   SenderThread:6326 [sender.py:send():160] send: stats
2021-09-15 16:55:50,523 DEBUG   HandlerThread:6326 [handler.py:handle_request():120] handle_request: status
2021-09-15 16:55:50,524 DEBUG   SenderThread:6326 [sender.py:send():160] send: request
2021-09-15 16:55:50,524 DEBUG   SenderThread:6326 [sender.py:send_request():169] send_request: status
2021-09-15 16:56:05,675 DEBUG   HandlerThread:6326 [handler.py:handle_request():120] handle_request: status
2021-09-15 16:56:05,675 DEBUG   SenderThread:6326 [sender.py:send():160] send: request
2021-09-15 16:56:05,676 DEBUG   SenderThread:6326 [sender.py:send_request():169] send_request: status
2021-09-15 16:56:07,301 DEBUG   SenderThread:6326 [sender.py:send():160] send: stats
2021-09-15 16:56:20,828 DEBUG   HandlerThread:6326 [handler.py:handle_request():120] handle_request: status
2021-09-15 16:56:20,828 DEBUG   SenderThread:6326 [sender.py:send():160] send: request
2021-09-15 16:56:20,828 DEBUG   SenderThread:6326 [sender.py:send_request():169] send_request: status
2021-09-15 16:56:35,979 DEBUG   HandlerThread:6326 [handler.py:handle_request():120] handle_request: status
2021-09-15 16:56:35,980 DEBUG   SenderThread:6326 [sender.py:send():160] send: request
2021-09-15 16:56:35,980 DEBUG   SenderThread:6326 [sender.py:send_request():169] send_request: status
2021-09-15 16:56:38,046 DEBUG   SenderThread:6326 [sender.py:send():160] send: stats
2021-09-15 16:56:51,134 DEBUG   HandlerThread:6326 [handler.py:handle_request():120] handle_request: status
2021-09-15 16:56:51,135 DEBUG   SenderThread:6326 [sender.py:send():160] send: request
2021-09-15 16:56:51,135 DEBUG   SenderThread:6326 [sender.py:send_request():169] send_request: status
2021-09-15 16:57:06,287 DEBUG   HandlerThread:6326 [handler.py:handle_request():120] handle_request: status
2021-09-15 16:57:06,287 DEBUG   SenderThread:6326 [sender.py:send():160] send: request
2021-09-15 16:57:06,287 DEBUG   SenderThread:6326 [sender.py:send_request():169] send_request: status
2021-09-15 16:57:08,927 DEBUG   SenderThread:6326 [sender.py:send():160] send: stats
2021-09-15 16:57:21,434 DEBUG   HandlerThread:6326 [handler.py:handle_request():120] handle_request: status
2021-09-15 16:57:21,434 DEBUG   SenderThread:6326 [sender.py:send():160] send: request
2021-09-15 16:57:21,434 DEBUG   SenderThread:6326 [sender.py:send_request():169] send_request: status
2021-09-15 16:57:36,587 DEBUG   HandlerThread:6326 [handler.py:handle_request():120] handle_request: status
2021-09-15 16:57:36,588 DEBUG   SenderThread:6326 [sender.py:send():160] send: request
2021-09-15 16:57:36,588 DEBUG   SenderThread:6326 [sender.py:send_request():169] send_request: status
2021-09-15 16:57:39,813 DEBUG   SenderThread:6326 [sender.py:send():160] send: stats
2021-09-15 16:57:51,728 DEBUG   HandlerThread:6326 [handler.py:handle_request():120] handle_request: status
2021-09-15 16:57:51,728 DEBUG   SenderThread:6326 [sender.py:send():160] send: request
2021-09-15 16:57:51,728 DEBUG   SenderThread:6326 [sender.py:send_request():169] send_request: status
2021-09-15 16:58:06,868 DEBUG   HandlerThread:6326 [handler.py:handle_request():120] handle_request: status
2021-09-15 16:58:06,868 DEBUG   SenderThread:6326 [sender.py:send():160] send: request
2021-09-15 16:58:06,869 DEBUG   SenderThread:6326 [sender.py:send_request():169] send_request: status
2021-09-15 16:58:10,667 DEBUG   SenderThread:6326 [sender.py:send():160] send: stats
2021-09-15 16:58:22,014 DEBUG   HandlerThread:6326 [handler.py:handle_request():120] handle_request: status
2021-09-15 16:58:22,015 DEBUG   SenderThread:6326 [sender.py:send():160] send: request
2021-09-15 16:58:22,015 DEBUG   SenderThread:6326 [sender.py:send_request():169] send_request: status
2021-09-15 16:58:37,166 DEBUG   HandlerThread:6326 [handler.py:handle_request():120] handle_request: status
2021-09-15 16:58:37,167 DEBUG   SenderThread:6326 [sender.py:send():160] send: request
2021-09-15 16:58:37,167 DEBUG   SenderThread:6326 [sender.py:send_request():169] send_request: status
2021-09-15 16:58:41,529 DEBUG   SenderThread:6326 [sender.py:send():160] send: stats
2021-09-15 16:58:52,319 DEBUG   HandlerThread:6326 [handler.py:handle_request():120] handle_request: status
2021-09-15 16:58:52,320 DEBUG   SenderThread:6326 [sender.py:send():160] send: request
2021-09-15 16:58:52,320 DEBUG   SenderThread:6326 [sender.py:send_request():169] send_request: status
2021-09-15 16:59:07,469 DEBUG   HandlerThread:6326 [handler.py:handle_request():120] handle_request: status
2021-09-15 16:59:07,469 DEBUG   SenderThread:6326 [sender.py:send():160] send: request
2021-09-15 16:59:07,470 DEBUG   SenderThread:6326 [sender.py:send_request():169] send_request: status
2021-09-15 16:59:12,388 DEBUG   SenderThread:6326 [sender.py:send():160] send: stats
2021-09-15 16:59:22,620 DEBUG   HandlerThread:6326 [handler.py:handle_request():120] handle_request: status
2021-09-15 16:59:22,620 DEBUG   SenderThread:6326 [sender.py:send():160] send: request
2021-09-15 16:59:22,620 DEBUG   SenderThread:6326 [sender.py:send_request():169] send_request: status
2021-09-15 16:59:37,769 DEBUG   HandlerThread:6326 [handler.py:handle_request():120] handle_request: status
2021-09-15 16:59:37,770 DEBUG   SenderThread:6326 [sender.py:send():160] send: request
2021-09-15 16:59:37,770 DEBUG   SenderThread:6326 [sender.py:send_request():169] send_request: status
2021-09-15 16:59:43,246 DEBUG   SenderThread:6326 [sender.py:send():160] send: stats
2021-09-15 16:59:52,915 DEBUG   HandlerThread:6326 [handler.py:handle_request():120] handle_request: status
2021-09-15 16:59:52,916 DEBUG   SenderThread:6326 [sender.py:send():160] send: request
2021-09-15 16:59:52,916 DEBUG   SenderThread:6326 [sender.py:send_request():169] send_request: status
2021-09-15 17:00:08,055 DEBUG   HandlerThread:6326 [handler.py:handle_request():120] handle_request: status
2021-09-15 17:00:08,055 DEBUG   SenderThread:6326 [sender.py:send():160] send: request
2021-09-15 17:00:08,055 DEBUG   SenderThread:6326 [sender.py:send_request():169] send_request: status
2021-09-15 17:00:14,324 DEBUG   SenderThread:6326 [sender.py:send():160] send: stats
2021-09-15 17:00:23,217 DEBUG   HandlerThread:6326 [handler.py:handle_request():120] handle_request: status
2021-09-15 17:00:23,218 DEBUG   SenderThread:6326 [sender.py:send():160] send: request
2021-09-15 17:00:23,218 DEBUG   SenderThread:6326 [sender.py:send_request():169] send_request: status
2021-09-15 17:00:38,373 DEBUG   HandlerThread:6326 [handler.py:handle_request():120] handle_request: status
2021-09-15 17:00:38,374 DEBUG   SenderThread:6326 [sender.py:send():160] send: request
2021-09-15 17:00:38,374 DEBUG   SenderThread:6326 [sender.py:send_request():169] send_request: status
2021-09-15 17:00:45,374 DEBUG   SenderThread:6326 [sender.py:send():160] send: stats
2021-09-15 17:00:53,526 DEBUG   HandlerThread:6326 [handler.py:handle_request():120] handle_request: status
2021-09-15 17:00:53,527 DEBUG   SenderThread:6326 [sender.py:send():160] send: request
2021-09-15 17:00:53,527 DEBUG   SenderThread:6326 [sender.py:send_request():169] send_request: status
2021-09-15 17:01:08,675 DEBUG   HandlerThread:6326 [handler.py:handle_request():120] handle_request: status
2021-09-15 17:01:08,675 DEBUG   SenderThread:6326 [sender.py:send():160] send: request
2021-09-15 17:01:08,676 DEBUG   SenderThread:6326 [sender.py:send_request():169] send_request: status
2021-09-15 17:01:16,257 DEBUG   SenderThread:6326 [sender.py:send():160] send: stats
2021-09-15 17:01:23,827 DEBUG   HandlerThread:6326 [handler.py:handle_request():120] handle_request: status
2021-09-15 17:01:23,828 DEBUG   SenderThread:6326 [sender.py:send():160] send: request
2021-09-15 17:01:23,828 DEBUG   SenderThread:6326 [sender.py:send_request():169] send_request: status
2021-09-15 17:01:38,983 DEBUG   HandlerThread:6326 [handler.py:handle_request():120] handle_request: status
2021-09-15 17:01:38,983 DEBUG   SenderThread:6326 [sender.py:send():160] send: request
2021-09-15 17:01:38,983 DEBUG   SenderThread:6326 [sender.py:send_request():169] send_request: status
2021-09-15 17:01:47,159 DEBUG   SenderThread:6326 [sender.py:send():160] send: stats
2021-09-15 17:01:54,144 DEBUG   HandlerThread:6326 [handler.py:handle_request():120] handle_request: status
2021-09-15 17:01:54,145 DEBUG   SenderThread:6326 [sender.py:send():160] send: request
2021-09-15 17:01:54,145 DEBUG   SenderThread:6326 [sender.py:send_request():169] send_request: status
2021-09-15 17:02:09,294 DEBUG   HandlerThread:6326 [handler.py:handle_request():120] handle_request: status
2021-09-15 17:02:09,294 DEBUG   SenderThread:6326 [sender.py:send():160] send: request
2021-09-15 17:02:09,295 DEBUG   SenderThread:6326 [sender.py:send_request():169] send_request: status
2021-09-15 17:02:18,033 DEBUG   SenderThread:6326 [sender.py:send():160] send: stats
2021-09-15 17:02:24,441 DEBUG   HandlerThread:6326 [handler.py:handle_request():120] handle_request: status
2021-09-15 17:02:24,442 DEBUG   SenderThread:6326 [sender.py:send():160] send: request
2021-09-15 17:02:24,442 DEBUG   SenderThread:6326 [sender.py:send_request():169] send_request: status
2021-09-15 17:02:39,593 DEBUG   HandlerThread:6326 [handler.py:handle_request():120] handle_request: status
2021-09-15 17:02:39,593 DEBUG   SenderThread:6326 [sender.py:send():160] send: request
2021-09-15 17:02:39,594 DEBUG   SenderThread:6326 [sender.py:send_request():169] send_request: status
2021-09-15 17:02:48,853 DEBUG   SenderThread:6326 [sender.py:send():160] send: stats
2021-09-15 17:02:54,745 DEBUG   HandlerThread:6326 [handler.py:handle_request():120] handle_request: status
2021-09-15 17:02:54,745 DEBUG   SenderThread:6326 [sender.py:send():160] send: request
2021-09-15 17:02:54,746 DEBUG   SenderThread:6326 [sender.py:send_request():169] send_request: status
2021-09-15 17:03:09,901 DEBUG   HandlerThread:6326 [handler.py:handle_request():120] handle_request: status
2021-09-15 17:03:09,902 DEBUG   SenderThread:6326 [sender.py:send():160] send: request
2021-09-15 17:03:09,902 DEBUG   SenderThread:6326 [sender.py:send_request():169] send_request: status
2021-09-15 17:03:19,703 DEBUG   SenderThread:6326 [sender.py:send():160] send: stats
2021-09-15 17:03:25,053 DEBUG   HandlerThread:6326 [handler.py:handle_request():120] handle_request: status
2021-09-15 17:03:25,054 DEBUG   SenderThread:6326 [sender.py:send():160] send: request
2021-09-15 17:03:25,054 DEBUG   SenderThread:6326 [sender.py:send_request():169] send_request: status
2021-09-15 17:03:40,206 DEBUG   HandlerThread:6326 [handler.py:handle_request():120] handle_request: status
2021-09-15 17:03:40,207 DEBUG   SenderThread:6326 [sender.py:send():160] send: request
2021-09-15 17:03:40,207 DEBUG   SenderThread:6326 [sender.py:send_request():169] send_request: status
2021-09-15 17:03:50,577 DEBUG   SenderThread:6326 [sender.py:send():160] send: stats
2021-09-15 17:03:55,357 DEBUG   HandlerThread:6326 [handler.py:handle_request():120] handle_request: status
2021-09-15 17:03:55,358 DEBUG   SenderThread:6326 [sender.py:send():160] send: request
2021-09-15 17:03:55,358 DEBUG   SenderThread:6326 [sender.py:send_request():169] send_request: status
2021-09-15 17:04:10,505 DEBUG   HandlerThread:6326 [handler.py:handle_request():120] handle_request: status
2021-09-15 17:04:10,505 DEBUG   SenderThread:6326 [sender.py:send():160] send: request
2021-09-15 17:04:10,505 DEBUG   SenderThread:6326 [sender.py:send_request():169] send_request: status
2021-09-15 17:04:21,438 DEBUG   SenderThread:6326 [sender.py:send():160] send: stats
2021-09-15 17:04:25,656 DEBUG   HandlerThread:6326 [handler.py:handle_request():120] handle_request: status
2021-09-15 17:04:25,657 DEBUG   SenderThread:6326 [sender.py:send():160] send: request
2021-09-15 17:04:25,657 DEBUG   SenderThread:6326 [sender.py:send_request():169] send_request: status
2021-09-15 17:04:40,808 DEBUG   HandlerThread:6326 [handler.py:handle_request():120] handle_request: status
2021-09-15 17:04:40,809 DEBUG   SenderThread:6326 [sender.py:send():160] send: request
2021-09-15 17:04:40,809 DEBUG   SenderThread:6326 [sender.py:send_request():169] send_request: status
2021-09-15 17:04:52,282 DEBUG   SenderThread:6326 [sender.py:send():160] send: stats
2021-09-15 17:04:55,954 DEBUG   HandlerThread:6326 [handler.py:handle_request():120] handle_request: status
2021-09-15 17:04:55,954 DEBUG   SenderThread:6326 [sender.py:send():160] send: request
2021-09-15 17:04:55,955 DEBUG   SenderThread:6326 [sender.py:send_request():169] send_request: status
2021-09-15 17:05:11,106 DEBUG   HandlerThread:6326 [handler.py:handle_request():120] handle_request: status
2021-09-15 17:05:11,107 DEBUG   SenderThread:6326 [sender.py:send():160] send: request
2021-09-15 17:05:11,107 DEBUG   SenderThread:6326 [sender.py:send_request():169] send_request: status
2021-09-15 17:05:23,123 DEBUG   SenderThread:6326 [sender.py:send():160] send: stats
2021-09-15 17:05:26,263 DEBUG   HandlerThread:6326 [handler.py:handle_request():120] handle_request: status
2021-09-15 17:05:26,263 DEBUG   SenderThread:6326 [sender.py:send():160] send: request
2021-09-15 17:05:26,263 DEBUG   SenderThread:6326 [sender.py:send_request():169] send_request: status
2021-09-15 17:05:41,413 DEBUG   HandlerThread:6326 [handler.py:handle_request():120] handle_request: status
2021-09-15 17:05:41,414 DEBUG   SenderThread:6326 [sender.py:send():160] send: request
2021-09-15 17:05:41,414 DEBUG   SenderThread:6326 [sender.py:send_request():169] send_request: status
2021-09-15 17:05:54,073 DEBUG   SenderThread:6326 [sender.py:send():160] send: stats
2021-09-15 17:05:56,562 DEBUG   HandlerThread:6326 [handler.py:handle_request():120] handle_request: status
2021-09-15 17:05:56,562 DEBUG   SenderThread:6326 [sender.py:send():160] send: request
2021-09-15 17:05:56,562 DEBUG   SenderThread:6326 [sender.py:send_request():169] send_request: status
2021-09-15 17:06:11,706 DEBUG   HandlerThread:6326 [handler.py:handle_request():120] handle_request: status
2021-09-15 17:06:11,706 DEBUG   SenderThread:6326 [sender.py:send():160] send: request
2021-09-15 17:06:11,706 DEBUG   SenderThread:6326 [sender.py:send_request():169] send_request: status
2021-09-15 17:06:24,909 DEBUG   SenderThread:6326 [sender.py:send():160] send: stats
2021-09-15 17:06:26,869 DEBUG   HandlerThread:6326 [handler.py:handle_request():120] handle_request: status
2021-09-15 17:06:26,869 DEBUG   SenderThread:6326 [sender.py:send():160] send: request
2021-09-15 17:06:26,869 DEBUG   SenderThread:6326 [sender.py:send_request():169] send_request: status
2021-09-15 17:06:41,731 WARNING MainThread:6326 [internal.py:wandb_internal():146] Internal process interrupt: 1
2021-09-15 17:06:42,043 DEBUG   HandlerThread:6326 [handler.py:handle_request():120] handle_request: status
2021-09-15 17:06:42,044 DEBUG   SenderThread:6326 [sender.py:send():160] send: request
2021-09-15 17:06:42,044 DEBUG   SenderThread:6326 [sender.py:send_request():169] send_request: status
2021-09-15 17:06:42,263 WARNING MainThread:6326 [internal.py:wandb_internal():146] Internal process interrupt: 2
2021-09-15 17:06:42,263 ERROR   MainThread:6326 [internal.py:wandb_internal():149] Internal process interrupted.
2021-09-15 17:06:42,865 INFO    HandlerThread:6326 [handler.py:finish():624] shutting down handler
2021-09-15 17:06:42,865 INFO    SenderThread:6326 [sender.py:finish():884] shutting down sender
2021-09-15 17:06:42,866 INFO    WriterThread:6326 [datastore.py:close():258] close: /root/repos/mgattn/lmtool-fwms/wandb/run-20210915_163939-3qxkd5oo/run-3qxkd5oo.wandb
2021-09-15 17:06:43,938 INFO    MainThread:6326 [internal.py:handle_exit():78] Internal process exited
